2025-04-23 23:29:43,424 [INFO] Activator:176 - 


2025-04-23 23:29:43,429 [INFO] Activator:177 - !SESSION log4j initialized
2025-04-23 23:29:52,159 [INFO] LogOutputStream:77 - [STDOUT_REDIRECT] 
2025-04-23 23:29:56,878 [INFO] ApplicationProperties:184 - Using Application install path: C:\ST\STM32CubeIDE_1.16.0\STM32CubeIDE\plugins\com.st.stm32cube.common.mx_6.14.1.202504091515
2025-04-23 23:29:56,909 [INFO] DbMcusXml:78 - Set database path to: C:\ST\STM32CubeIDE_1.16.0\STM32CubeIDE\plugins\com.st.stm32cube.common.mx_6.14.1.202504091515\\db\/mcu/
2025-04-23 23:29:56,911 [INFO] ApiDb:274 - Set plugin database path to: C:\ST\STM32CubeIDE_1.16.0\STM32CubeIDE\plugins\com.st.stm32cube.common.mx_6.14.1.202504091515\\db\/plugins/boardmanager/
2025-04-23 23:29:56,911 [WARN] ApiDb:259 - Overriding images path with different value:  => C:\ST\STM32CubeIDE_1.16.0\STM32CubeIDE\plugins\com.st.stm32cube.common.mx_6.14.1.202504091515\\db\/plugins/mcufinder/images/
2025-04-23 23:29:56,921 [INFO] ApiDb:250 - Set database path to: C:\Users\pboon\.stmcufinder\plugins\mcufinder//mcu/
2025-04-23 23:29:56,923 [INFO] DbMcusAds:125 - Set database path to: C:\Users\pboon\.stmcufinder\plugins\mcufinder//mcu/
2025-04-23 23:29:56,927 [INFO] CrossReferenceDbSqlite:203 - Set database path to: C:\Users\pboon\.stmcufinder\plugins\mcufinder//mcu/cs/
2025-04-23 23:29:57,158 [INFO] RulesReader:64 - Compatibility file has been processed (302 Rules)
2025-04-23 23:29:57,352 [INFO] DbMcusXml:78 - Set database path to: C:\ST\STM32CubeIDE_1.16.0\STM32CubeIDE\plugins\com.st.stm32cube.common.mx_6.14.1.202504091515\\db\/mcu/
2025-04-23 23:29:57,352 [INFO] ApiDb:274 - Set plugin database path to: C:\ST\STM32CubeIDE_1.16.0\STM32CubeIDE\plugins\com.st.stm32cube.common.mx_6.14.1.202504091515\\db\/plugins/boardmanager/
2025-04-23 23:29:57,353 [INFO] ApiDb:261 - Set plugin images path to: C:\ST\STM32CubeIDE_1.16.0\STM32CubeIDE\plugins\com.st.stm32cube.common.mx_6.14.1.202504091515\\db\/plugins/mcufinder/images/
2025-04-23 23:29:57,353 [WARN] DbFile:41 - Overriding database path with different value: C:\Users\pboon\.stmcufinder\plugins\mcufinder/ => C:\Users\pboon\.stmcufinder\plugins\mcufinder
2025-04-23 23:29:57,353 [INFO] ApiDb:250 - Set database path to: C:\Users\pboon\.stmcufinder\plugins\mcufinder//mcu/
2025-04-23 23:29:57,353 [WARN] DbFile:41 - Overriding database path with different value: C:\Users\pboon\.stmcufinder\plugins\mcufinder/ => C:\Users\pboon\.stmcufinder\plugins\mcufinder
2025-04-23 23:29:57,353 [INFO] DbMcusAds:125 - Set database path to: C:\Users\pboon\.stmcufinder\plugins\mcufinder//mcu/
2025-04-23 23:29:57,353 [WARN] DbFile:41 - Overriding database path with different value: C:\Users\pboon\.stmcufinder\plugins\mcufinder/ => C:\Users\pboon\.stmcufinder\plugins\mcufinder
2025-04-23 23:29:57,355 [WARN] DbFile:41 - Overriding database path with different value: C:\Users\pboon\.stmcufinder\plugins\mcufinder/ => C:\Users\pboon\.stmcufinder\plugins\mcufinder
2025-04-23 23:29:57,355 [INFO] CrossReferenceDbSqlite:203 - Set database path to: C:\Users\pboon\.stmcufinder\plugins\mcufinder//mcu/cs/
2025-04-23 23:29:57,528 [INFO] MainPanel:272 - HeapMemory: 268435456
2025-04-23 23:29:57,771 [INFO] DbMcusXml:78 - Set database path to: C:\ST\STM32CubeIDE_1.16.0\STM32CubeIDE\plugins\com.st.stm32cube.common.mx_6.14.1.202504091515\\db\/mcu/
2025-04-23 23:29:57,771 [INFO] ApiDb:274 - Set plugin database path to: C:\ST\STM32CubeIDE_1.16.0\STM32CubeIDE\plugins\com.st.stm32cube.common.mx_6.14.1.202504091515\\db\/plugins/boardmanager/
2025-04-23 23:29:57,772 [INFO] ApiDb:261 - Set plugin images path to: C:\ST\STM32CubeIDE_1.16.0\STM32CubeIDE\plugins\com.st.stm32cube.common.mx_6.14.1.202504091515\\db\/plugins/mcufinder/images/
2025-04-23 23:29:57,772 [WARN] DbFile:41 - Overriding database path with different value: C:\Users\pboon\.stmcufinder\plugins\mcufinder/ => C:\Users\pboon\.stmcufinder\plugins\mcufinder
2025-04-23 23:29:57,772 [INFO] ApiDb:250 - Set database path to: C:\Users\pboon\.stmcufinder\plugins\mcufinder//mcu/
2025-04-23 23:29:57,773 [WARN] DbFile:41 - Overriding database path with different value: C:\Users\pboon\.stmcufinder\plugins\mcufinder/ => C:\Users\pboon\.stmcufinder\plugins\mcufinder
2025-04-23 23:29:57,773 [INFO] DbMcusAds:125 - Set database path to: C:\Users\pboon\.stmcufinder\plugins\mcufinder//mcu/
2025-04-23 23:29:57,773 [WARN] DbFile:41 - Overriding database path with different value: C:\Users\pboon\.stmcufinder\plugins\mcufinder/ => C:\Users\pboon\.stmcufinder\plugins\mcufinder
2025-04-23 23:29:57,773 [WARN] DbFile:41 - Overriding database path with different value: C:\Users\pboon\.stmcufinder\plugins\mcufinder/ => C:\Users\pboon\.stmcufinder\plugins\mcufinder
2025-04-23 23:29:57,773 [INFO] CrossReferenceDbSqlite:203 - Set database path to: C:\Users\pboon\.stmcufinder\plugins\mcufinder//mcu/cs/
2025-04-23 23:29:57,815 [INFO] ApplicationProperties:184 - Using Application install path: C:\ST\STM32CubeIDE_1.16.0\STM32CubeIDE\plugins\com.st.stm32cube.common.mx_6.14.1.202504091515
2025-04-23 23:29:57,819 [INFO] PluginManage:196 - Search for loadable plugins [exclusion list=, ]
2025-04-23 23:29:57,822 [INFO] PluginManage:310 - Check plugin analytics
2025-04-23 23:29:58,204 [INFO] AnalyticsPlugin:253 - Accepted Software Licenses: 
2025-04-23 23:29:58,205 [INFO] AnalyticsPlugin:255 - Accepted CMSIS Pack Licenses: 
2025-04-23 23:29:58,205 [INFO] AnalyticsPlugin:257 - Accepted Firmware Licenses: 
2025-04-23 23:29:58,215 [INFO] PluginManage:359 - Loaded plugin analytics (category:tool,tabindex:-1)
2025-04-23 23:29:58,216 [INFO] PluginManage:310 - Check plugin cadmodel
2025-04-23 23:29:58,226 [INFO] CADModel:105 - Init CAD model plugin
2025-04-23 23:29:58,226 [INFO] PluginManage:359 - Loaded plugin cadmodel (category:power,tabindex:5)
2025-04-23 23:29:58,227 [INFO] PluginManage:310 - Check plugin clock
2025-04-23 23:29:58,274 [INFO] PluginManage:359 - Loaded plugin clock (category:base,tabindex:2)
2025-04-23 23:29:58,275 [INFO] PluginManage:310 - Check plugin ddr
2025-04-23 23:29:58,281 [INFO] PluginManage:359 - Loaded plugin ddr (category:tool,tabindex:6)
2025-04-23 23:29:58,281 [INFO] PluginManage:310 - Check plugin filemanager
2025-04-23 23:29:58,633 [INFO] PluginManage:359 - Loaded plugin filemanager (category:base,tabindex:10)
2025-04-23 23:29:58,634 [INFO] PluginManage:310 - Check plugin ipmanager
2025-04-23 23:29:58,651 [INFO] PluginManage:359 - Loaded plugin ipmanager (category:base,tabindex:5)
2025-04-23 23:29:58,652 [INFO] PluginManage:310 - Check plugin lpbam
2025-04-23 23:29:58,672 [INFO] PluginManage:359 - Loaded plugin lpbam (category:base,tabindex:0)
2025-04-23 23:29:58,672 [INFO] PluginManage:310 - Check plugin memorymap
2025-04-23 23:29:58,700 [INFO] PluginManage:359 - Loaded plugin memorymap (category:base,tabindex:4)
2025-04-23 23:29:58,700 [INFO] PluginManage:310 - Check plugin pinoutandconfiguration
2025-04-23 23:29:58,713 [INFO] PluginManage:359 - Loaded plugin pinoutandconfiguration (category:base,tabindex:1)
2025-04-23 23:29:58,715 [INFO] PluginManage:310 - Check plugin pinoutconfig
2025-04-23 23:29:58,890 [WARN] SupportedApi:132 - Cannot load RTOS API schema: s4s-elt-must-match.1: The content of 'definitions' must match (annotation?, (simpleType | complexType)?, (unique | key | keyref)*)). A problem was found starting at: attribute.
2025-04-23 23:29:59,177 [INFO] PluginManage:359 - Loaded plugin pinoutconfig (category:base,tabindex:0)
2025-04-23 23:29:59,178 [INFO] PluginManage:310 - Check plugin power
2025-04-23 23:29:59,196 [INFO] PluginManage:359 - Loaded plugin power (category:power,tabindex:4)
2025-04-23 23:29:59,196 [INFO] PluginManage:310 - Check plugin projectmanager
2025-04-23 23:29:59,228 [INFO] PluginManage:359 - Loaded plugin projectmanager (category:projectmanager,tabindex:4)
2025-04-23 23:29:59,229 [INFO] PluginManage:310 - Check plugin rif
2025-04-23 23:29:59,240 [INFO] PluginManage:359 - Loaded plugin rif (category:base,tabindex:3)
2025-04-23 23:29:59,240 [INFO] PluginManage:310 - Check plugin thirdparty
2025-04-23 23:29:59,552 [INFO] PluginManage:359 - Loaded plugin thirdparty (category:base,tabindex:-1)
2025-04-23 23:29:59,552 [WARN] IntegrityCheckThread:84 - waiting for thirdparty lock release [integrity check]
2025-04-23 23:29:59,552 [INFO] PluginManage:310 - Check plugin tools
2025-04-23 23:29:59,552 [INFO] IntegrityCheckThread:86 - entering critical section [integrity check]
2025-04-23 23:29:59,553 [INFO] ThirdPartyUpdaterWithRetryManager:70 - Updater plugin not ready yet. [1/15]
2025-04-23 23:29:59,557 [INFO] PluginManage:359 - Loaded plugin tools (category:base,tabindex:7)
2025-04-23 23:29:59,565 [INFO] PluginManage:310 - Check plugin tutovideos
2025-04-23 23:29:59,974 [INFO] PluginManage:359 - Loaded plugin tutovideos (category:base,tabindex:-1)
2025-04-23 23:29:59,975 [INFO] PluginManage:310 - Check plugin updater
2025-04-23 23:30:00,028 [INFO] PluginManage:359 - Loaded plugin updater (category:base,tabindex:12)
2025-04-23 23:30:00,028 [INFO] PluginManage:310 - Check plugin userauth
2025-04-23 23:30:00,036 [INFO] UserAuth:118 - Init User Auth plugin
2025-04-23 23:30:00,038 [INFO] PluginManage:359 - Loaded plugin userauth (category:base,tabindex:14)
2025-04-23 23:30:00,039 [INFO] PluginManage:283 - PluginManage : Loaded plugins [18]
2025-04-23 23:30:00,502 [INFO] PinOutPanel:1589 - setPackage(No Configuration,No Configuration)
2025-04-23 23:30:00,696 [INFO] CADModel:165 - CPN selected for project level
2025-04-23 23:30:00,696 [INFO] CADModel:114 - Register for checkConnection events
2025-04-23 23:30:00,725 [INFO] IPUIPlugin:80 - create IPUIPlugin
2025-04-23 23:30:00,725 [INFO] PluginManager:220 - loadIPPluginJar : add adc
2025-04-23 23:30:00,730 [INFO] IPUIPlugin:80 - create IPUIPlugin
2025-04-23 23:30:00,730 [INFO] PluginManager:220 - loadIPPluginJar : add aes
2025-04-23 23:30:00,736 [INFO] IPUIPlugin:80 - create IPUIPlugin
2025-04-23 23:30:00,736 [INFO] PluginManager:220 - loadIPPluginJar : add can
2025-04-23 23:30:00,739 [INFO] IPUIPlugin:80 - create IPUIPlugin
2025-04-23 23:30:00,739 [INFO] PluginManager:220 - loadIPPluginJar : add comp
2025-04-23 23:30:00,744 [INFO] IPUIPlugin:80 - create IPUIPlugin
2025-04-23 23:30:00,744 [INFO] PluginManager:220 - loadIPPluginJar : add cryp
2025-04-23 23:30:00,752 [INFO] IPUIPlugin:80 - create IPUIPlugin
2025-04-23 23:30:00,752 [INFO] PluginManager:220 - loadIPPluginJar : add ddr_ctrl_phy
2025-04-23 23:30:00,757 [INFO] IPUIPlugin:80 - create IPUIPlugin
2025-04-23 23:30:00,758 [INFO] PluginManager:220 - loadIPPluginJar : add dfsdm
2025-04-23 23:30:00,770 [INFO] IPUIPlugin:80 - create IPUIPlugin
2025-04-23 23:30:00,771 [INFO] PluginManager:220 - loadIPPluginJar : add dma
2025-04-23 23:30:00,777 [INFO] IPUIPlugin:80 - create IPUIPlugin
2025-04-23 23:30:00,777 [INFO] PluginManager:220 - loadIPPluginJar : add dma3
2025-04-23 23:30:00,782 [INFO] IPUIPlugin:80 - create IPUIPlugin
2025-04-23 23:30:00,783 [INFO] PluginManager:220 - loadIPPluginJar : add extmemmanager
2025-04-23 23:30:00,787 [INFO] IPUIPlugin:80 - create IPUIPlugin
2025-04-23 23:30:00,788 [INFO] PluginManager:220 - loadIPPluginJar : add fatfs
2025-04-23 23:30:00,797 [INFO] IPUIPlugin:80 - create IPUIPlugin
2025-04-23 23:30:00,797 [INFO] PluginManager:220 - loadIPPluginJar : add fmc
2025-04-23 23:30:00,805 [INFO] IPUIPlugin:80 - create IPUIPlugin
2025-04-23 23:30:00,805 [INFO] PluginManager:220 - loadIPPluginJar : add freertos
2025-04-23 23:30:00,809 [INFO] IPUIPlugin:80 - create IPUIPlugin
2025-04-23 23:30:00,810 [INFO] PluginManager:220 - loadIPPluginJar : add genericplugin
2025-04-23 23:30:00,813 [INFO] IPUIPlugin:80 - create IPUIPlugin
2025-04-23 23:30:00,814 [INFO] PluginManager:220 - loadIPPluginJar : add gfxmmu
2025-04-23 23:30:00,820 [INFO] IPUIPlugin:80 - create IPUIPlugin
2025-04-23 23:30:00,820 [INFO] PluginManager:220 - loadIPPluginJar : add gic
2025-04-23 23:30:00,827 [INFO] IPUIPlugin:80 - create IPUIPlugin
2025-04-23 23:30:00,827 [INFO] PluginManager:220 - loadIPPluginJar : add gpio
2025-04-23 23:30:00,832 [INFO] IPUIPlugin:80 - create IPUIPlugin
2025-04-23 23:30:00,832 [INFO] PluginManager:220 - loadIPPluginJar : add gtzc
2025-04-23 23:30:00,836 [INFO] IPUIPlugin:80 - create IPUIPlugin
2025-04-23 23:30:00,836 [INFO] PluginManager:220 - loadIPPluginJar : add hash
2025-04-23 23:30:00,841 [INFO] IPUIPlugin:80 - create IPUIPlugin
2025-04-23 23:30:00,842 [INFO] PluginManager:220 - loadIPPluginJar : add i2c
2025-04-23 23:30:00,846 [INFO] IPUIPlugin:80 - create IPUIPlugin
2025-04-23 23:30:00,846 [INFO] PluginManager:220 - loadIPPluginJar : add i2s
2025-04-23 23:30:00,851 [INFO] IPUIPlugin:80 - create IPUIPlugin
2025-04-23 23:30:00,851 [INFO] PluginManager:220 - loadIPPluginJar : add i3c
2025-04-23 23:30:00,857 [INFO] IPUIPlugin:80 - create IPUIPlugin
2025-04-23 23:30:00,857 [INFO] PluginManager:220 - loadIPPluginJar : add ipddr
2025-04-23 23:30:00,867 [INFO] IPUIPlugin:80 - create IPUIPlugin
2025-04-23 23:30:00,867 [INFO] PluginManager:220 - loadIPPluginJar : add linkedlist
2025-04-23 23:30:00,873 [INFO] IPUIPlugin:80 - create IPUIPlugin
2025-04-23 23:30:00,873 [INFO] PluginManager:220 - loadIPPluginJar : add lorawan
2025-04-23 23:30:00,876 [INFO] IPUIPlugin:80 - create IPUIPlugin
2025-04-23 23:30:00,876 [INFO] PluginManager:220 - loadIPPluginJar : add ltdc
2025-04-23 23:30:00,884 [INFO] IPUIPlugin:80 - create IPUIPlugin
2025-04-23 23:30:00,885 [INFO] PluginManager:220 - loadIPPluginJar : add mdma
2025-04-23 23:30:00,891 [INFO] IPUIPlugin:80 - create IPUIPlugin
2025-04-23 23:30:00,891 [INFO] PluginManager:220 - loadIPPluginJar : add nvic
2025-04-23 23:30:00,896 [INFO] IPUIPlugin:80 - create IPUIPlugin
2025-04-23 23:30:00,896 [INFO] PluginManager:220 - loadIPPluginJar : add opamp
2025-04-23 23:30:00,904 [INFO] IPUIPlugin:80 - create IPUIPlugin
2025-04-23 23:30:00,904 [INFO] PluginManager:220 - loadIPPluginJar : add openamp
2025-04-23 23:30:00,912 [INFO] IPUIPlugin:80 - create IPUIPlugin
2025-04-23 23:30:00,912 [INFO] PluginManager:220 - loadIPPluginJar : add pdm2pcm
2025-04-23 23:30:00,923 [INFO] IPUIPlugin:80 - create IPUIPlugin
2025-04-23 23:30:00,928 [INFO] PluginManager:220 - loadIPPluginJar : add plateformsettings
2025-04-23 23:30:00,932 [INFO] IPUIPlugin:80 - create IPUIPlugin
2025-04-23 23:30:00,933 [INFO] PluginManager:220 - loadIPPluginJar : add quadspi
2025-04-23 23:30:00,937 [INFO] IPUIPlugin:80 - create IPUIPlugin
2025-04-23 23:30:00,939 [INFO] PluginManager:220 - loadIPPluginJar : add radio
2025-04-23 23:30:00,945 [INFO] IPUIPlugin:80 - create IPUIPlugin
2025-04-23 23:30:00,945 [INFO] PluginManager:220 - loadIPPluginJar : add resmgrutility
2025-04-23 23:30:00,951 [INFO] IPUIPlugin:80 - create IPUIPlugin
2025-04-23 23:30:00,952 [INFO] PluginManager:220 - loadIPPluginJar : add sai
2025-04-23 23:30:00,956 [INFO] IPUIPlugin:80 - create IPUIPlugin
2025-04-23 23:30:00,956 [INFO] PluginManager:220 - loadIPPluginJar : add spi
2025-04-23 23:30:00,966 [INFO] IPUIPlugin:80 - create IPUIPlugin
2025-04-23 23:30:00,966 [INFO] PluginManager:220 - loadIPPluginJar : add stm32_wpan
2025-04-23 23:30:00,970 [INFO] IPUIPlugin:80 - create IPUIPlugin
2025-04-23 23:30:00,971 [INFO] PluginManager:220 - loadIPPluginJar : add tim
2025-04-23 23:30:00,976 [INFO] IPUIPlugin:80 - create IPUIPlugin
2025-04-23 23:30:00,977 [INFO] PluginManager:220 - loadIPPluginJar : add touchsensing
2025-04-23 23:30:00,982 [INFO] IPUIPlugin:80 - create IPUIPlugin
2025-04-23 23:30:00,982 [INFO] PluginManager:220 - loadIPPluginJar : add tracer_emb
2025-04-23 23:30:00,985 [INFO] IPUIPlugin:80 - create IPUIPlugin
2025-04-23 23:30:00,985 [INFO] PluginManager:220 - loadIPPluginJar : add ts
2025-04-23 23:30:00,988 [INFO] IPUIPlugin:80 - create IPUIPlugin
2025-04-23 23:30:00,989 [INFO] PluginManager:220 - loadIPPluginJar : add tsc
2025-04-23 23:30:00,992 [INFO] IPUIPlugin:80 - create IPUIPlugin
2025-04-23 23:30:00,992 [INFO] PluginManager:220 - loadIPPluginJar : add ucpd
2025-04-23 23:30:00,997 [INFO] IPUIPlugin:80 - create IPUIPlugin
2025-04-23 23:30:00,998 [INFO] PluginManager:220 - loadIPPluginJar : add usart
2025-04-23 23:30:01,003 [INFO] IPUIPlugin:80 - create IPUIPlugin
2025-04-23 23:30:01,003 [INFO] PluginManager:220 - loadIPPluginJar : add usbx
2025-04-23 23:30:01,222 [FATAL] Updater:351 - Updater called before beeing initialized
2025-04-23 23:30:01,285 [INFO] RulesReader:64 - Compatibility file has been processed (302 Rules)
2025-04-23 23:30:01,310 [INFO] RulesReader:64 - Compatibility file has been processed (302 Rules)
2025-04-23 23:30:01,326 [INFO] CADModel:165 - CPN selected for project level
2025-04-23 23:30:01,327 [INFO] CADModel:114 - Register for checkConnection events
2025-04-23 23:30:01,327 [FATAL] Updater:351 - Updater called before beeing initialized
2025-04-23 23:30:01,327 [ERROR] CADModel:125 - Updater not yet initialized, retry later 
2025-04-23 23:30:01,827 [FATAL] Updater:351 - Updater called before beeing initialized
2025-04-23 23:30:01,832 [INFO] CADModel:165 - CPN selected for project level
2025-04-23 23:30:01,832 [INFO] CADModel:114 - Register for checkConnection events
2025-04-23 23:30:01,832 [FATAL] Updater:351 - Updater called before beeing initialized
2025-04-23 23:30:01,832 [ERROR] CADModel:125 - Updater not yet initialized, retry later 
2025-04-23 23:30:01,840 [FATAL] Updater:351 - Updater called before beeing initialized
2025-04-23 23:30:02,095 [FATAL] Updater:351 - Updater called before beeing initialized
2025-04-23 23:30:02,109 [INFO] DbMcusAds:53 - JSON generation date=Thu Mar 06 21:54:22 ICT 2025 (1741272862078)
2025-04-23 23:30:02,110 [FATAL] Updater:351 - Updater called before beeing initialized
2025-04-23 23:30:02,195 [WARN] DetailPanel:346 - Failed to get advertising image, set to default
2025-04-23 23:30:02,555 [INFO] ThirdPartyUpdaterWithRetryManager:70 - Updater plugin not ready yet. [2/15]
2025-04-23 23:30:02,782 [FATAL] Updater:351 - Updater called before beeing initialized
2025-04-23 23:30:02,786 [FATAL] Updater:351 - Updater called before beeing initialized
2025-04-23 23:30:02,787 [FATAL] Updater:351 - Updater called before beeing initialized
2025-04-23 23:30:02,787 [WARN] DetailPanel:346 - Failed to get advertising image, set to default
2025-04-23 23:30:02,788 [FATAL] Updater:351 - Updater called before beeing initialized
2025-04-23 23:30:02,944 [ERROR] Updater:1198 - MainUpdater not yet initialized. External WinMGr cannot be set.
2025-04-23 23:30:02,951 [INFO] Updater:1134 - Updater Version found : 6.14.1
2025-04-23 23:30:02,990 [INFO] ApplicationProperties:184 - Using Application install path: C:\ST\STM32CubeIDE_1.16.0\STM32CubeIDE\plugins\com.st.stm32cube.common.mx_6.14.1.202504091515
2025-04-23 23:30:03,923 [INFO] MainUpdater:2872 - connection check result : 10
2025-04-23 23:30:03,925 [INFO] MainUpdater:289 - Updater Check For Update Now.
2025-04-23 23:30:03,925 [INFO] MicroXplorer:498 - Change Database Version : DB.6.0.141
2025-04-23 23:30:03,939 [INFO] McuFinderGlobals:63 - Set McuFinder mode to 2 (CubeIDE integrated)
2025-04-23 23:30:03,943 [INFO] UserAuth:484 - Internet connection configuration mode: 1
2025-04-23 23:30:04,011 [INFO] JxBrowserEngine:152 - Initiate JxBrowser Engine with user profile folder
2025-04-23 23:30:04,413 [INFO] CheckServerUpdateThread:120 - End of CheckServer Thread
2025-04-23 23:30:06,094 [INFO] WebApp:169 - Instantiating new browser for Auth
2025-04-23 23:30:06,374 [WARN] PackLoader:240 - Cannot read IP mode file for STMicroelectronics.FP-SNS-MOTENVWB1.1.4.0
2025-04-23 23:30:06,408 [WARN] PackLoader:240 - Cannot read IP mode file for STMicroelectronics.FP-ATR-ASTRA1.2.0.2
2025-04-23 23:30:06,417 [WARN] PackLoader:240 - Cannot read IP mode file for STMicroelectronics.FP-ATR-ASTRA1.2.0.1
2025-04-23 23:30:06,446 [WARN] PackLoader:240 - Cannot read IP mode file for STMicroelectronics.X-CUBE-SMBUS.2.1.0
2025-04-23 23:30:06,472 [WARN] PackLoader:240 - Cannot read IP mode file for STMicroelectronics.X-CUBE-WB05N.1.1.0
2025-04-23 23:30:06,480 [WARN] PackLoader:240 - Cannot read IP mode file for STMicroelectronics.X-CUBE-TOUCHGFX.4.23.2
2025-04-23 23:30:06,575 [WARN] PackLoader:240 - Cannot read IP mode file for STMicroelectronics.X-CUBE-AZRTOS-F7.1.1.0
2025-04-23 23:30:06,751 [WARN] PackLoader:240 - Cannot read IP mode file for STMicroelectronics.X-CUBE-MEMS1.11.0.0
2025-04-23 23:30:07,116 [WARN] PackLoader:240 - Cannot read IP mode file for STMicroelectronics.FP-SNS-FLIGHT1.5.0.2
2025-04-23 23:30:07,145 [WARN] PackLoader:240 - Cannot read IP mode file for STMicroelectronics.X-CUBE-DISPLAY.3.0.0
2025-04-23 23:30:07,168 [WARN] PackLoader:240 - Cannot read IP mode file for STMicroelectronics.X-CUBE-BLE1.7.0.0
2025-04-23 23:30:07,185 [WARN] PackLoader:240 - Cannot read IP mode file for STMicroelectronics.X-CUBE-NFC10.1.0.0
2025-04-23 23:30:07,212 [WARN] PackLoader:240 - Cannot read IP mode file for STMicroelectronics.X-CUBE-BLEMGR.4.0.0
2025-04-23 23:30:07,231 [WARN] PackLoader:240 - Cannot read IP mode file for emotas.I-CUBE-CANOPEN.1.3.0
2025-04-23 23:30:07,249 [WARN] PackLoader:240 - Cannot read IP mode file for STMicroelectronics.X-CUBE-BLEMGR.3.1.0
2025-04-23 23:30:07,266 [WARN] PackLoader:240 - Cannot read IP mode file for STMicroelectronics.X-CUBE-AI.10.0.0
2025-04-23 23:30:07,278 [WARN] PackLoader:240 - Cannot read IP mode file for STMicroelectronics.FP-SNS-SMARTAG2.1.2.0
2025-04-23 23:30:07,282 [WARN] PackLoader:240 - Cannot read IP mode file for STMicroelectronics.FP-SNS-FLIGHT1.5.1.0
2025-04-23 23:30:07,400 [WARN] PackLoader:240 - Cannot read IP mode file for STMicroelectronics.X-CUBE-MEMS1.11.1.0
2025-04-23 23:30:07,690 [INFO] LogOutputStream:77 - [STDOUT_REDIRECT] 1 : Invalid condition id : UX_CORESTACK_Condition cause : null
2025-04-23 23:30:07,694 [INFO] LogOutputStream:77 - [STDOUT_REDIRECT] 1 : Invalid condition id : UX_CORESTACK_Condition cause : null
2025-04-23 23:30:07,698 [INFO] LogOutputStream:77 - [STDOUT_REDIRECT] 1 : Invalid condition id : UX_CORESTACK_Condition cause : null
2025-04-23 23:30:07,702 [INFO] LogOutputStream:77 - [STDOUT_REDIRECT] 1 : Invalid condition id : UX_CORESTACK_Condition cause : null
2025-04-23 23:30:07,706 [INFO] LogOutputStream:77 - [STDOUT_REDIRECT] 1 : Invalid condition id : UX_CORESTACK_Condition cause : null
2025-04-23 23:30:07,712 [WARN] PackLoader:240 - Cannot read IP mode file for STMicroelectronics.X-CUBE-AZRTOS-WL.2.0.0
2025-04-23 23:30:07,765 [WARN] PackLoader:240 - Cannot read IP mode file for STMicroelectronics.FP-SNS-MOTENV1.5.0.0
2025-04-23 23:30:07,791 [WARN] PackLoader:240 - Cannot read IP mode file for wolfSSL.I-CUBE-wolfMQTT.1.19.0
2025-04-23 23:30:07,820 [WARN] PackLoader:240 - Cannot read IP mode file for WES.I-CUBE-Cesium.1.3.0
2025-04-23 23:30:07,832 [WARN] PackLoader:240 - Cannot read IP mode file for STMicroelectronics.X-CUBE-BLE2.3.3.0
2025-04-23 23:30:07,846 [WARN] PackLoader:240 - Cannot read IP mode file for STMicroelectronics.X-CUBE-NFC9.1.0.0
2025-04-23 23:30:07,857 [WARN] PackLoader:240 - Cannot read IP mode file for STMicroelectronics.X-CUBE-BLE1.7.1.0
2025-04-23 23:30:07,868 [WARN] PackLoader:240 - Cannot read IP mode file for STMicroelectronics.X-CUBE-TCPP.4.1.0
2025-04-23 23:30:07,966 [WARN] PackLoader:240 - Cannot read IP mode file for STMicroelectronics.X-CUBE-MEMS1.11.2.0
2025-04-23 23:30:08,317 [WARN] PackLoader:240 - Cannot read IP mode file for STMicroelectronics.X-CUBE-AZRTOS-G0.1.1.0
2025-04-23 23:30:08,335 [WARN] PackLoader:240 - Cannot read IP mode file for STMicroelectronics.X-CUBE-SAFEA1.1.2.2
2025-04-23 23:30:08,351 [WARN] PackLoader:240 - Cannot read IP mode file for STMicroelectronics.X-CUBE-NFC4.3.0.0
2025-04-23 23:30:08,374 [WARN] PackLoader:240 - Cannot read IP mode file for EmbeddedOffice.I-CUBE-FS-RTOS.1.0.1
2025-04-23 23:30:08,383 [WARN] PackLoader:240 - Cannot read IP mode file for STMicroelectronics.X-CUBE-WB05N.2.0.0
2025-04-23 23:30:08,395 [WARN] PackLoader:240 - Cannot read IP mode file for STMicroelectronics.X-CUBE-TCPP.4.2.0
2025-04-23 23:30:08,408 [WARN] PackLoader:240 - Cannot read IP mode file for RealThread.X-CUBE-RT-Thread_Nano.4.1.1
2025-04-23 23:30:08,419 [WARN] PackLoader:240 - Cannot read IP mode file for wolfSSL.I-CUBE-wolfSSL.5.7.0
2025-04-23 23:30:08,428 [WARN] PackLoader:240 - Cannot read IP mode file for STMicroelectronics.FP-ATR-SIGFOX1.3.2.0
2025-04-23 23:30:08,435 [WARN] PackLoader:240 - Cannot read IP mode file for wolfSSL.I-CUBE-wolfSSL.5.7.2
2025-04-23 23:30:08,448 [WARN] ConditionMgr:438 - getConditionDescription Invalid condition id : Cortex-A Device cause : null
2025-04-23 23:30:08,484 [WARN] ConditionMgr:1044 - genDependencies : Invalid condition id : Cortex-A Device cause : null
2025-04-23 23:30:08,484 [WARN] ConditionMgr:1044 - genDependencies : Invalid condition id : Cortex-A Device cause : null
2025-04-23 23:30:08,486 [WARN] ConditionMgr:1044 - genDependencies : Invalid condition id : Cortex-A Device cause : null
2025-04-23 23:30:08,505 [WARN] PackLoader:240 - Cannot read IP mode file for STMicroelectronics.X-CUBE-EEPRMA1.5.1.0
2025-04-23 23:30:08,517 [INFO] WebApp:463 - Apply proxy settings
2025-04-23 23:30:08,521 [INFO] WebApp:548 - Chromium requires no authentication
2025-04-23 23:30:08,525 [WARN] PackLoader:240 - Cannot read IP mode file for ITTIA_DB.I-CUBE-ITTIADB.8.9.0
2025-04-23 23:30:08,545 [INFO] WebApp:491 - Direct internet connection detected
2025-04-23 23:30:08,576 [WARN] PackLoader:240 - Cannot read IP mode file for SEGGER.I-CUBE-embOS.1.3.1
2025-04-23 23:30:08,647 [INFO] WebApp:894 - Register for checkConnection events
2025-04-23 23:30:08,650 [INFO] WebApp:463 - Apply proxy settings
2025-04-23 23:30:08,650 [INFO] WebApp:548 - Chromium requires no authentication
2025-04-23 23:30:08,652 [INFO] WebApp:491 - Direct internet connection detected
2025-04-23 23:30:08,663 [WARN] PackLoader:240 - Cannot read IP mode file for STMicroelectronics.X-CUBE-ALGOBUILD.1.4.0
2025-04-23 23:30:08,673 [WARN] PackLoader:240 - Cannot read IP mode file for STMicroelectronics.X-CUBE-AI.9.1.0
2025-04-23 23:30:08,684 [WARN] PackLoader:240 - Cannot read IP mode file for STMicroelectronics.X-CUBE-GNSS1.6.0.0
2025-04-23 23:30:08,720 [WARN] PackLoader:240 - Cannot read IP mode file for STMicroelectronics.X-CUBE-AZRTOS-F4.1.1.0
2025-04-23 23:30:08,735 [WARN] PackLoader:240 - Cannot read IP mode file for Avnet-IotConnect.X-CUBE-IoTC-DA16k-PMOD.1.0.0
2025-04-23 23:30:08,745 [WARN] PackLoader:240 - Cannot read IP mode file for STMicroelectronics.X-CUBE-ISPU.2.1.0
2025-04-23 23:30:08,759 [WARN] PackLoader:240 - Cannot read IP mode file for STMicroelectronics.X-CUBE-FREERTOS.1.2.0
2025-04-23 23:30:08,790 [WARN] PackLoader:240 - Cannot read IP mode file for STMicroelectronics.X-CUBE-AZRTOS-L5.2.0.0
2025-04-23 23:30:08,808 [WARN] PackLoader:240 - Cannot read IP mode file for STMicroelectronics.X-CUBE-NFC6.3.1.0
2025-04-23 23:30:08,864 [WARN] PackLoader:240 - Cannot read IP mode file for STMicroelectronics.X-CUBE-DPower.1.2.0
2025-04-23 23:30:08,873 [WARN] PackLoader:240 - Cannot read IP mode file for STMicroelectronics.X-CUBE-AI.9.0.0
2025-04-23 23:30:08,881 [WARN] PackLoader:240 - Cannot read IP mode file for STMicroelectronics.X-CUBE-FREERTOS.1.3.0
2025-04-23 23:30:08,891 [WARN] PackLoader:240 - Cannot read IP mode file for STMicroelectronics.X-CUBE-NFC7.1.0.1
2025-04-23 23:30:08,900 [WARN] PackLoader:240 - Cannot read IP mode file for wolfSSL.I-CUBE-wolfTPM.3.2.0
2025-04-23 23:30:08,909 [WARN] PackLoader:240 - Cannot read IP mode file for STMicroelectronics.X-CUBE-DPower.1.3.0
2025-04-23 23:30:08,943 [WARN] ConditionMgr:438 - getConditionDescription Invalid condition id : LAN8742 Phy interface Condition cause : null
2025-04-23 23:30:08,944 [WARN] PackLoader:240 - Cannot read IP mode file for STMicroelectronics.X-CUBE-AZRTOS-L4.2.0.0
2025-04-23 23:30:08,947 [WARN] ConditionMgr:1044 - genDependencies : Invalid condition id : LAN8742 Phy interface Condition cause : null
2025-04-23 23:30:08,947 [WARN] ConditionMgr:1044 - genDependencies : Invalid condition id : LAN8742 Phy interface Condition cause : null
2025-04-23 23:30:08,948 [WARN] ConditionMgr:1044 - genDependencies : Invalid condition id : LAN8742 Phy interface Condition cause : null
2025-04-23 23:30:09,027 [WARN] PackLoader:240 - Cannot read IP mode file for STMicroelectronics.X-CUBE-SFXS2LP1.4.0.0
2025-04-23 23:30:09,089 [WARN] PackLoader:240 - Cannot read IP mode file for STMicroelectronics.X-CUBE-AZRTOS-H7.3.3.0
2025-04-23 23:30:09,119 [WARN] PackLoader:240 - Cannot read IP mode file for STMicroelectronics.X-CUBE-IPS.3.0.0
2025-04-23 23:30:09,129 [INFO] WebApp:191 - Connection restablished
2025-04-23 23:30:09,152 [WARN] ConditionMgr:438 - getConditionDescription Invalid condition id : UX DEVICE CLASS RTOS Condition cause : null
2025-04-23 23:30:09,152 [WARN] ConditionMgr:438 - getConditionDescription Invalid condition id : UX DEVICE CLASS RTOS Condition cause : null
2025-04-23 23:30:09,157 [WARN] PackLoader:240 - Cannot read IP mode file for STMicroelectronics.X-CUBE-AZRTOS-WB.2.0.0
2025-04-23 23:30:09,158 [WARN] ConditionMgr:1044 - genDependencies : Invalid condition id : UX DEVICE CLASS RTOS Condition cause : null
2025-04-23 23:30:09,158 [WARN] ConditionMgr:1044 - genDependencies : Invalid condition id : UX DEVICE CLASS RTOS Condition cause : null
2025-04-23 23:30:09,159 [WARN] ConditionMgr:1044 - genDependencies : Invalid condition id : UX DEVICE CLASS RTOS Condition cause : null
2025-04-23 23:30:09,160 [WARN] ConditionMgr:1044 - genDependencies : Invalid condition id : UX DEVICE CLASS RTOS Condition cause : null
2025-04-23 23:30:09,160 [WARN] ConditionMgr:1044 - genDependencies : Invalid condition id : UX DEVICE CLASS RTOS Condition cause : null
2025-04-23 23:30:09,170 [WARN] PackLoader:240 - Cannot read IP mode file for STMicroelectronics.X-CUBE-GNSS1.7.0.0
2025-04-23 23:30:09,182 [WARN] PackLoader:240 - Cannot read IP mode file for STMicroelectronics.X-CUBE-GNSS1.7.0.1
2025-04-23 23:30:09,190 [WARN] PackLoader:240 - Cannot read IP mode file for STMicroelectronics.X-CUBE-TOUCHGFX.4.25.0
2025-04-23 23:30:09,203 [WARN] PackLoader:240 - Cannot read IP mode file for STMicroelectronics.FP-SNS-STBOX1.2.0.0
2025-04-23 23:30:09,229 [WARN] PackLoader:240 - Cannot read IP mode file for STMicroelectronics.X-CUBE-SUBG2.5.0.0
2025-04-23 23:30:09,333 [WARN] PackLoader:240 - Cannot read IP mode file for STMicroelectronics.X-CUBE-AZRTOS-H7RS.1.1.0
2025-04-23 23:30:09,396 [WARN] PackLoader:240 - Cannot read IP mode file for Cesanta.I-CUBE-Mongoose.7.13.0
2025-04-23 23:30:09,433 [WARN] PackLoader:240 - Cannot read IP mode file for STMicroelectronics.X-CUBE-AZRTOS-G4.2.0.0
2025-04-23 23:30:09,453 [WARN] PackLoader:240 - Cannot read IP mode file for STMicroelectronics.X-CUBE-ISPU.2.0.0
2025-04-23 23:30:09,475 [WARN] PackLoader:240 - Cannot read IP mode file for STMicroelectronics.X-CUBE-IPS.3.1.0
2025-04-23 23:30:09,498 [WARN] PackLoader:240 - Cannot read IP mode file for STMicroelectronics.X-CUBE-ALS.1.0.2
2025-04-23 23:30:09,626 [WARN] PackLoader:240 - Cannot read IP mode file for STMicroelectronics.X-CUBE-MEMS1.10.0.0
2025-04-23 23:30:09,809 [INFO] WebApp:225 - Starting web application
2025-04-23 23:30:09,810 [INFO] WebApp:593 - Web application path used C:\ST\STM32CubeIDE_1.16.0\STM32CubeIDE\plugins\com.st.stm32cube.common.mx_6.14.1.202504091515\db\plugins\mcufinder\reactClient1\index.html
2025-04-23 23:30:09,915 [WARN] PackLoader:240 - Cannot read IP mode file for STMicroelectronics.X-CUBE-TOUCHGFX.4.24.0
2025-04-23 23:30:09,943 [WARN] PackLoader:240 - Cannot read IP mode file for STMicroelectronics.X-CUBE-TOUCHGFX.4.24.2
2025-04-23 23:30:09,966 [WARN] PackLoader:240 - Cannot read IP mode file for STMicroelectronics.X-CUBE-TOUCHGFX.4.24.1
2025-04-23 23:30:09,983 [WARN] PackLoader:240 - Cannot read IP mode file for wolfSSL.I-CUBE-wolfTPM.3.4.0
2025-04-23 23:30:10,027 [WARN] PackLoader:240 - Cannot read IP mode file for portGmbH.I-Cube-SoM-uGOAL.1.1.0
2025-04-23 23:30:10,076 [WARN] PackLoader:240 - Cannot read IP mode file for STMicroelectronics.X-CUBE-AZRTOS-H7RS.1.0.0
2025-04-23 23:30:10,089 [WARN] PackLoader:240 - Cannot read IP mode file for STMicroelectronics.FP-ATR-ASTRA1.2.0.0
2025-04-23 23:30:10,115 [WARN] PackLoader:240 - Cannot read IP mode file for STMicroelectronics.X-CUBE-TOF1.3.4.2
2025-04-23 23:30:10,156 [INFO] UserAuth:484 - Internet connection configuration mode: 1
2025-04-23 23:30:10,176 [WARN] PackLoader:240 - Cannot read IP mode file for STMicroelectronics.X-CUBE-TOF1.3.4.3
2025-04-23 23:30:10,253 [WARN] PackLoader:240 - Cannot read IP mode file for Infineon.AIROC-Wi-Fi-Bluetooth-STM32.1.6.1
2025-04-23 23:30:10,292 [WARN] PackLoader:240 - Cannot read IP mode file for STMicroelectronics.X-CUBE-TOF1.3.4.1
2025-04-23 23:30:10,361 [WARN] PackLoader:240 - Cannot read IP mode file for STMicroelectronics.X-CUBE-AZRTOS-H7.3.2.0
2025-04-23 23:30:10,394 [WARN] PackLoader:240 - Cannot read IP mode file for Infineon.AIROC-Wi-Fi-Bluetooth-STM32.1.6.0
2025-04-23 23:30:10,410 [WARN] PackLoader:240 - Cannot read IP mode file for wolfSSL.I-CUBE-wolfSSH.1.4.17
2025-04-23 23:30:10,411 [INFO] ThirdParty:978 - Integrity check success = true
2025-04-23 23:30:10,412 [INFO] IntegrityCheckThread:100 - exiting critical section [integrity check]
2025-04-23 23:30:10,412 [INFO] IntegrityCheckThread:103 - End integrity checks thread
2025-04-23 23:30:23,167 [ERROR] LogOutputStream:75 - [STDERR_REDIRECT] 
